0 info it worked if it ends with ok
1 verbose cli [ '/usr/local/bin/node',
1 verbose cli   '/usr/local/bin/npm',
1 verbose cli   'install',
1 verbose cli   'jQuery@2.2.0' ]
2 info using npm@3.3.6
3 info using node@v5.0.0
4 silly loadCurrentTree Starting
5 silly install loadCurrentTree
6 silly install readLocalPackageData
7 silly fetchPackageMetaData jQuery@2.2.0
8 silly fetchNamedPackageData jQuery
9 silly mapToRegistry name jQuery
10 silly mapToRegistry using default registry
11 silly mapToRegistry registry https://registry.npmjs.org/
12 silly mapToRegistry uri https://registry.npmjs.org/jQuery
13 verbose request uri https://registry.npmjs.org/jQuery
14 verbose request no auth needed
15 info attempt registry request try #1 at 2:22:48 PM
16 verbose request id eca40dfc824a84cc
17 verbose etag "23FD2XR71W8UF5QZTZ3XLHL7J"
18 http request GET https://registry.npmjs.org/jQuery
19 http 200 https://registry.npmjs.org/jQuery
20 verbose headers { server: 'CouchDB/1.5.0 (Erlang OTP/R16B03)',
20 verbose headers   etag: '"345XETOU3DXA6ZEP3MXLQRF04"',
20 verbose headers   'content-type': 'application/json',
20 verbose headers   'content-encoding': 'gzip',
20 verbose headers   'cache-control': 'max-age=300',
20 verbose headers   'content-length': '2080',
20 verbose headers   'accept-ranges': 'bytes',
20 verbose headers   date: 'Mon, 27 Jun 2016 21:22:48 GMT',
20 verbose headers   via: '1.1 varnish',
20 verbose headers   age: '0',
20 verbose headers   connection: 'keep-alive',
20 verbose headers   'x-served-by': 'cache-sjc3130-SJC',
20 verbose headers   'x-cache': 'MISS',
20 verbose headers   'x-cache-hits': '0',
20 verbose headers   'x-timer': 'S1467062568.669619,VS0,VE94',
20 verbose headers   vary: 'Accept-Encoding' }
21 silly get cb [ 200,
21 silly get   { server: 'CouchDB/1.5.0 (Erlang OTP/R16B03)',
21 silly get     etag: '"345XETOU3DXA6ZEP3MXLQRF04"',
21 silly get     'content-type': 'application/json',
21 silly get     'content-encoding': 'gzip',
21 silly get     'cache-control': 'max-age=300',
21 silly get     'content-length': '2080',
21 silly get     'accept-ranges': 'bytes',
21 silly get     date: 'Mon, 27 Jun 2016 21:22:48 GMT',
21 silly get     via: '1.1 varnish',
21 silly get     age: '0',
21 silly get     connection: 'keep-alive',
21 silly get     'x-served-by': 'cache-sjc3130-SJC',
21 silly get     'x-cache': 'MISS',
21 silly get     'x-cache-hits': '0',
21 silly get     'x-timer': 'S1467062568.669619,VS0,VE94',
21 silly get     vary: 'Accept-Encoding' } ]
22 verbose get saving jQuery to /Users/joelcox1/.npm/registry.npmjs.org/jQuery/.cache.json
23 silly fetchPackageMetaData Error: No compatible version found: jQuery@2.2.0
23 silly fetchPackageMetaData Valid install targets:
23 silly fetchPackageMetaData ["1.7.4","1.7.3","1.7.2","1.6.3","1.6.2"]
23 silly fetchPackageMetaData
23 silly fetchPackageMetaData     at pickVersionFromRegistryDocument (/usr/local/lib/node_modules/npm/lib/fetch-package-metadata.js:146:16)
23 silly fetchPackageMetaData     at /usr/local/lib/node_modules/npm/node_modules/iferr/index.js:13:50
23 silly fetchPackageMetaData     at /usr/local/lib/node_modules/npm/lib/utils/pulse-till-done.js:19:8
23 silly fetchPackageMetaData     at saved (/usr/local/lib/node_modules/npm/lib/cache/caching-client.js:168:7)
23 silly fetchPackageMetaData     at /usr/local/lib/node_modules/npm/node_modules/graceful-fs/polyfills.js:210:7
23 silly fetchPackageMetaData     at FSReqWrap.oncomplete (fs.js:82:15)
23 silly fetchPackageMetaData  error for jQuery@2.2.0 [Error: No compatible version found: jQuery@2.2.0
23 silly fetchPackageMetaData Valid install targets:
23 silly fetchPackageMetaData ["1.7.4","1.7.3","1.7.2","1.6.3","1.6.2"]
23 silly fetchPackageMetaData ]
24 silly rollbackFailedOptional Starting
25 silly rollbackFailedOptional Finishing
26 silly runTopLevelLifecycles Starting
27 silly runTopLevelLifecycles Finishing
28 silly install printInstalled
29 verbose stack Error: No compatible version found: jQuery@2.2.0
29 verbose stack Valid install targets:
29 verbose stack ["1.7.4","1.7.3","1.7.2","1.6.3","1.6.2"]
29 verbose stack
29 verbose stack     at pickVersionFromRegistryDocument (/usr/local/lib/node_modules/npm/lib/fetch-package-metadata.js:146:16)
29 verbose stack     at /usr/local/lib/node_modules/npm/node_modules/iferr/index.js:13:50
29 verbose stack     at /usr/local/lib/node_modules/npm/lib/utils/pulse-till-done.js:19:8
29 verbose stack     at saved (/usr/local/lib/node_modules/npm/lib/cache/caching-client.js:168:7)
29 verbose stack     at /usr/local/lib/node_modules/npm/node_modules/graceful-fs/polyfills.js:210:7
29 verbose stack     at FSReqWrap.oncomplete (fs.js:82:15)
30 verbose cwd /Users/joelcox1/Jobs/aura/aura
31 error Darwin 16.0.0
32 error argv "/usr/local/bin/node" "/usr/local/bin/npm" "install" "jQuery@2.2.0"
33 error node v5.0.0
34 error npm  v3.3.6
35 error No compatible version found: jQuery@2.2.0
35 error Valid install targets:
35 error ["1.7.4","1.7.3","1.7.2","1.6.3","1.6.2"]
36 error If you need help, you may report this error at:
36 error     <https://github.com/npm/npm/issues>
37 verbose exit [ 1, true ]
